<?xml version="1.0" encoding="UTF-8"?>
<!-- Generated by org.testng.reporters.JUnitReportReporter -->
<testsuite hostname="DESKTOP-6AHILV1" failures="0" tests="1" name="org.example.BankApplicationTesting" time="1.258" errors="0" timestamp="23 May 2022 11:48:52 GMT" skipped="0">
  <testcase classname="org.example.BankApplicationTesting" name="createCustomerTest" time="1.258"/>
</testsuite> <!-- org.example.BankApplicationTesting -->
